Command line:
   alu_isim_beh.exe
     -simmode  gui
     -simrunnum  0
     -socket  49184

Tue Nov 30 17:43:13 2021


 Elaboration Time: 0.34375 sec

 Current Memory Usage: 366.424 Meg

 Total Signals          : 17
 Total Nets             : 23
 Total Signal Drivers   : 6
 Total Blocks           : 2
 Total Primitive Blocks : 2
 Total Processes        : 11
 Total Traceable Variables  : 22
 Total Scalar Nets and Variables : 114
In process Lab8.vCont_28_0 
 FATAL ERROR:ISim: This application has discovered an exceptional condition from which it cannot recover. Process will terminate. To search for possible resolutions to this issue, refer to the Xilinx answer database by going to http://www.xilinx.com/support/answers/index.htm and search with keywords 'ISim' and 'FATAL ERROR'. For technical support on this issue, please open a WebCase with this project attached at http://www.xilinx.com/support.

 Total Simulation Time: 1.25 sec

 Current Memory Usage: 401.867 Meg

Tue Nov 30 17:43:25 2021

