Command line:
   t_system_isim_beh.exe
     -simmode  gui
     -simrunnum  0
     -socket  64749

Sun Jun 04 23:59:49 2023


 Elaboration Time: 0.390625 sec

 Current Memory Usage: 5154.51 Meg

 Total Signals          : 67
 Total Nets             : 53
 Total Signal Drivers   : 38
 Total Blocks           : 14
 Total Primitive Blocks : 10
 Total Processes        : 54
 Total Traceable Variables  : 41
 Total Scalar Nets and Variables : 173
In process FSM.vCont_34_0 
 FATAL ERROR:ISim: This application has discovered an exceptional condition from which it cannot recover. Process will terminate. To search for possible resolutions to this issue, refer to the Xilinx answer database by going to http://www.xilinx.com/support/answers/index.htm and search with keywords 'ISim' and 'FATAL ERROR'. For technical support on this issue, please open a WebCase with this project attached at http://www.xilinx.com/support.

 Total Simulation Time: 1.34375 sec

 Current Memory Usage: 5190.43 Meg

Mon Jun 05 00:00:06 2023

