Running: X:\Xilinx\14.7\ISE_DS\ISE\bin\nt64\unwrapped\fuse.exe -intstyle ise -incremental -lib unisims_ver -lib unimacro_ver -lib xilinxcorelib_ver -o X:/Xilinx/Manteghi/Lab7/tb_adder_4bit_isim_beh.exe -prj X:/Xilinx/Manteghi/Lab7/tb_adder_4bit_beh.prj work.tb_adder_4bit work.glbl 
ISim P.20131013 (signature 0x7708f090)
Number of CPUs detected in this system: 4
Turning on mult-threading, number of parallel sub-compilation jobs: 8 
Determining compilation order of HDL files
Analyzing Verilog file "X:/Xilinx/Manteghi/Lab7/Lab7.v" into library work
Analyzing Verilog file "X:/Xilinx/14.7/ISE_DS/ISE//verilog/src/glbl.v" into library work
Starting static elaboration
Completed static elaboration
Compiling module adder_1bit
Compiling module adder_4bit
Compiling module adder_1bit_delay
Compiling module adder_4bit_delay
Compiling module tb_adder_4bit
Compiling module glbl
Time Resolution for simulation is 1ps.
Waiting for 1 sub-compilation(s) to finish...
Compiled 6 Verilog Units
Built simulation executable X:/Xilinx/Manteghi/Lab7/tb_adder_4bit_isim_beh.exe
Fuse Memory Usage: 27896 KB
Fuse CPU Usage: 1703 ms
